{"level":"error","message":"Email service error: Invalid login: 535-5.7.8 Username and Password not accepted. For more information, go to\n535 5.7.8  https://support.google.com/mail/?p=BadCredentials 98e67ed59e1d1-3057ca1f778sm32208a91.2 - gsmtp","timestamp":"2025-04-02T19:49:35.329Z"}
{"level":"error","message":"Email service error: Invalid login: 535-5.7.8 Username and Password not accepted. For more information, go to\n535 5.7.8  https://support.google.com/mail/?p=BadCredentials d9443c01a7336-2291eeca203sm112728945ad.30 - gsmtp","timestamp":"2025-04-02T19:51:08.750Z"}
{"level":"error","message":"Email service error: Invalid login: 535-5.7.8 Username and Password not accepted. For more information, go to\n535 5.7.8  https://support.google.com/mail/?p=BadCredentials d9443c01a7336-2291f1dee68sm112934165ad.205 - gsmtp","timestamp":"2025-04-02T20:11:49.876Z"}
{"level":"error","message":"Email service error: Invalid login: 535-5.7.8 Username and Password not accepted. For more information, go to\n535 5.7.8  https://support.google.com/mail/?p=BadCredentials d9443c01a7336-2291f1deec2sm113340095ad.187 - gsmtp","timestamp":"2025-04-02T20:12:17.879Z"}
{"level":"error","message":"UnsupportedMediaTypeError: unsupported charset \"UTF-8\"\n    at /Users/amanagrawal/Developer/Projects/backend/medical-claim-backend/node_modules/body-parser/lib/read.js:85:18\n    at AsyncResource.runInAsyncScope (node:async_hooks:211:14)\n    at invokeCallback (/Users/amanagrawal/Developer/Projects/backend/medical-claim-backend/node_modules/raw-body/index.js:238:16)\n    at processTicksAndRejections (node:internal/process/task_queues:85:11)","timestamp":"2025-04-02T20:37:03.517Z"}
{"level":"error","message":"Error uploading file to S3: Missing credentials in config, if using AWS_CONFIG_FILE, set AWS_SDK_LOAD_CONFIG=1","timestamp":"2025-04-02T20:48:06.943Z"}
{"level":"error","message":"Claim Upload Error: Missing credentials in config, if using AWS_CONFIG_FILE, set AWS_SDK_LOAD_CONFIG=1","timestamp":"2025-04-02T20:48:06.944Z"}
{"level":"error","message":"Error uploading file to S3: Missing credentials in config, if using AWS_CONFIG_FILE, set AWS_SDK_LOAD_CONFIG=1","timestamp":"2025-04-02T20:58:10.991Z"}
{"level":"error","message":"Claim Upload Error: Missing credentials in config, if using AWS_CONFIG_FILE, set AWS_SDK_LOAD_CONFIG=1","timestamp":"2025-04-02T20:58:10.992Z"}
{"level":"error","message":"Error uploading file to S3: Missing credentials in config, if using AWS_CONFIG_FILE, set AWS_SDK_LOAD_CONFIG=1","timestamp":"2025-04-02T21:09:13.104Z"}
{"level":"error","message":"Claim Upload Error: Missing credentials in config, if using AWS_CONFIG_FILE, set AWS_SDK_LOAD_CONFIG=1","timestamp":"2025-04-02T21:09:13.105Z"}
{"level":"error","message":"Error uploading file to S3: Missing credentials in config, if using AWS_CONFIG_FILE, set AWS_SDK_LOAD_CONFIG=1","timestamp":"2025-04-02T21:10:33.501Z"}
{"level":"error","message":"Claim Upload Error: Missing credentials in config, if using AWS_CONFIG_FILE, set AWS_SDK_LOAD_CONFIG=1","timestamp":"2025-04-02T21:10:33.502Z"}
{"level":"error","message":"Get Upload URL Error: The \"path\" argument must be of type string. Received undefined","timestamp":"2025-04-02T21:16:22.855Z"}
{"level":"error","message":"Get Upload URL Error: The \"path\" argument must be of type string. Received undefined","timestamp":"2025-04-02T21:17:56.345Z"}
{"level":"error","message":"Get Upload URL Error: The \"path\" argument must be of type string. Received undefined","timestamp":"2025-04-02T21:19:27.254Z"}
{"level":"error","message":"Error generating upload signed URL: Missing credentials in config, if using AWS_CONFIG_FILE, set AWS_SDK_LOAD_CONFIG=1","timestamp":"2025-04-02T21:20:53.835Z"}
{"level":"error","message":"Get Upload URL Error: Missing credentials in config, if using AWS_CONFIG_FILE, set AWS_SDK_LOAD_CONFIG=1","timestamp":"2025-04-02T21:20:53.836Z"}
{"level":"error","message":"Error generating upload signed URL: Missing credentials in config, if using AWS_CONFIG_FILE, set AWS_SDK_LOAD_CONFIG=1","timestamp":"2025-04-02T21:22:31.442Z"}
{"level":"error","message":"Get Upload URL Error: Missing credentials in config, if using AWS_CONFIG_FILE, set AWS_SDK_LOAD_CONFIG=1","timestamp":"2025-04-02T21:22:31.444Z"}
{"level":"error","message":"Error getting temporary credentials: Missing required key 'IdentityPoolId' in params","timestamp":"2025-04-02T21:28:57.912Z"}
{"level":"error","message":"Error generating upload signed URL: Missing required key 'IdentityPoolId' in params","timestamp":"2025-04-02T21:28:57.913Z"}
{"level":"error","message":"Get Upload URL Error: Missing required key 'IdentityPoolId' in params","timestamp":"2025-04-02T21:28:57.913Z"}
{"level":"error","message":"Create Claim Error: Claim validation failed: dateOfService: Path `dateOfService` is required., amount: Path `amount` is required., patientName: Path `patientName` is required., fileKey: Path `fileKey` is required.","timestamp":"2025-04-02T21:54:20.372Z"}
{"level":"error","message":"Create Claim Error: Claim validation failed: dateOfService: Path `dateOfService` is required., amount: Path `amount` is required., patientName: Path `patientName` is required., fileKey: Path `fileKey` is required.","timestamp":"2025-04-02T21:54:39.432Z"}
{"level":"error","message":"Create Claim Error: Claim validation failed: dateOfService: Path `dateOfService` is required., amount: Path `amount` is required., patientName: Path `patientName` is required., fileKey: Path `fileKey` is required.","timestamp":"2025-04-02T21:56:23.965Z"}
{"level":"error","message":"Create Claim Error: Claim validation failed: dateOfService: Path `dateOfService` is required., amount: Path `amount` is required., patientName: Path `patientName` is required., fileKey: Path `fileKey` is required.","timestamp":"2025-04-02T21:58:08.470Z"}
{"level":"error","message":"Create Claim Error: Claim validation failed: dateOfService: Path `dateOfService` is required., amount: Path `amount` is required., patientName: Path `patientName` is required.","timestamp":"2025-04-02T22:03:48.809Z"}
{"level":"error","message":"Create Claim Error: Claim validation failed: dateOfService: Path `dateOfService` is required., amount: Path `amount` is required., patientName: Path `patientName` is required.","timestamp":"2025-04-02T22:07:16.942Z"}
{"level":"error","message":"AI Processing Error (Attempt 1/3): getSignedUrl is not a function","timestamp":"2025-04-02T22:09:07.813Z"}
{"level":"error","message":"AI Processing Error (Attempt 2/3): getSignedUrl is not a function","timestamp":"2025-04-02T22:09:12.815Z"}
{"level":"error","message":"AI Processing Error (Attempt 3/3): getSignedUrl is not a function","timestamp":"2025-04-02T22:09:22.819Z"}
{"level":"error","message":"AI Processing Error (Attempt 4/3): getSignedUrl is not a function","timestamp":"2025-04-02T22:09:37.823Z"}
{"level":"error","message":"AI Processing Error for Claim 67edb583697f3b185469106b: getSignedUrl is not a function","timestamp":"2025-04-02T22:09:37.824Z"}
{"level":"error","message":"Create Claim Error: E11000 duplicate key error collection: test.claims index: invoiceNumber_1 dup key: { invoiceNumber: null }","timestamp":"2025-04-02T22:18:17.610Z"}
{"level":"error","message":"Create Claim Error: E11000 duplicate key error collection: test.claims index: invoiceNumber_1 dup key: { invoiceNumber: null }","timestamp":"2025-04-02T22:18:19.076Z"}
{"level":"error","message":"AI Processing Error for Claim 67edb9bbd79099ac810073a2: aiService.processDocument is not a function","timestamp":"2025-04-02T22:27:08.217Z"}
{"level":"error","message":"Create Claim Error: E11000 duplicate key error collection: test.claims index: invoiceNumber_1 dup key: { invoiceNumber: null }","timestamp":"2025-04-02T22:28:25.226Z"}
{"level":"error","message":"AI Processing Error for Claim 67edba18940d38837ae297ea: aiService.processDocument is not a function","timestamp":"2025-04-02T22:28:40.323Z"}
{"level":"error","message":"OCR Error: ENOENT: no such file or directory, open 'claims/67eda035def5d4a3410f2841/1743630668036-40246e356cc48d0e.pdf'","timestamp":"2025-04-02T22:29:58.108Z"}
{"level":"error","message":"Document Processing Error: ENOENT: no such file or directory, open 'claims/67eda035def5d4a3410f2841/1743630668036-40246e356cc48d0e.pdf'","timestamp":"2025-04-02T22:29:58.109Z"}
{"level":"error","message":"Document Processing Error: ENOENT: no such file or directory, open 'claims/67eda035def5d4a3410f2841/1743630668036-40246e356cc48d0e.pdf'","timestamp":"2025-04-02T22:29:58.109Z"}
{"level":"error","message":"AI Processing Error for Claim 67edba63cfb9f2d5ec7e841a: ENOENT: no such file or directory, open 'claims/67eda035def5d4a3410f2841/1743630668036-40246e356cc48d0e.pdf'","timestamp":"2025-04-02T22:29:58.109Z"}
{"level":"error","message":"OCR Error: ENOENT: no such file or directory, open 'claims/67eda035def5d4a3410f2841/1743630668036-40246e356cc48d0e.pdf'","timestamp":"2025-04-02T22:41:22.585Z"}
{"level":"error","message":"Document Processing Error: ENOENT: no such file or directory, open 'claims/67eda035def5d4a3410f2841/1743630668036-40246e356cc48d0e.pdf'","timestamp":"2025-04-02T22:41:22.586Z"}
{"level":"error","message":"Document Processing Error: ENOENT: no such file or directory, open 'claims/67eda035def5d4a3410f2841/1743630668036-40246e356cc48d0e.pdf'","timestamp":"2025-04-02T22:41:22.586Z"}
{"level":"error","message":"AI Processing Error for Claim 67edbd126f6101d39a63add0: ENOENT: no such file or directory, open 'claims/67eda035def5d4a3410f2841/1743630668036-40246e356cc48d0e.pdf'","timestamp":"2025-04-02T22:41:22.586Z"}
{"level":"error","message":"Create Claim Error: E11000 duplicate key error collection: test.claims index: invoiceNumber_1 dup key: { invoiceNumber: null }","timestamp":"2025-04-02T22:44:21.406Z"}
{"level":"error","message":"OCR Error: ENOENT: no such file or directory, open 'claims/67eda035def5d4a3410f2841/1743633692917-0n4zzp.pdf'","timestamp":"2025-04-02T22:44:53.411Z"}
{"level":"error","message":"Document Processing Error: ENOENT: no such file or directory, open 'claims/67eda035def5d4a3410f2841/1743633692917-0n4zzp.pdf'","timestamp":"2025-04-02T22:44:53.411Z"}
{"level":"error","message":"Document Processing Error: ENOENT: no such file or directory, open 'claims/67eda035def5d4a3410f2841/1743633692917-0n4zzp.pdf'","timestamp":"2025-04-02T22:44:53.412Z"}
{"level":"error","message":"AI Processing Error for Claim 67edbde46f6101d39a63ade1: ENOENT: no such file or directory, open 'claims/67eda035def5d4a3410f2841/1743633692917-0n4zzp.pdf'","timestamp":"2025-04-02T22:44:53.412Z"}
{"level":"error","message":"OCR Error: ENOENT: no such file or directory, open 'claims/67eda035def5d4a3410f2841/1743633692917-0n4zzp.pdf'","timestamp":"2025-04-02T22:47:44.856Z"}
{"level":"error","message":"Document Processing Error: ENOENT: no such file or directory, open 'claims/67eda035def5d4a3410f2841/1743633692917-0n4zzp.pdf'","timestamp":"2025-04-02T22:47:44.856Z"}
{"level":"error","message":"Document Processing Error: ENOENT: no such file or directory, open 'claims/67eda035def5d4a3410f2841/1743633692917-0n4zzp.pdf'","timestamp":"2025-04-02T22:47:44.857Z"}
{"level":"error","message":"AI Processing Error for Claim 67edbe9019551ad23f83de77: ENOENT: no such file or directory, open 'claims/67eda035def5d4a3410f2841/1743633692917-0n4zzp.pdf'","timestamp":"2025-04-02T22:47:44.857Z"}
{"level":"error","message":"OCR Error: ENOENT: no such file or directory, open '../../uploads/claims/67eda035def5d4a3410f2841/1743633692917-0n4zzp.pdf'","timestamp":"2025-04-02T22:49:08.580Z"}
{"level":"error","message":"Document Processing Error: ENOENT: no such file or directory, open '../../uploads/claims/67eda035def5d4a3410f2841/1743633692917-0n4zzp.pdf'","timestamp":"2025-04-02T22:49:08.581Z"}
{"level":"error","message":"Document Processing Error: ENOENT: no such file or directory, open '../../uploads/claims/67eda035def5d4a3410f2841/1743633692917-0n4zzp.pdf'","timestamp":"2025-04-02T22:49:08.581Z"}
{"level":"error","message":"AI Processing Error for Claim 67edbee4387988607672fc06: ENOENT: no such file or directory, open '../../uploads/claims/67eda035def5d4a3410f2841/1743633692917-0n4zzp.pdf'","timestamp":"2025-04-02T22:49:08.581Z"}
{"level":"error","message":"Create Claim Error: E11000 duplicate key error collection: test.claims index: invoiceNumber_1 dup key: { invoiceNumber: null }","timestamp":"2025-04-03T04:28:17.200Z"}
{"level":"error","message":"PDF Parsing Error: bad XRef entry","timestamp":"2025-04-03T04:28:34.499Z"}
{"level":"error","message":"Document Processing Error: bad XRef entry","timestamp":"2025-04-03T04:28:34.500Z"}
{"level":"error","message":"Document processing failed: bad XRef entry","timestamp":"2025-04-03T04:28:34.500Z"}
{"level":"error","message":"AI Processing Error for Claim 67ee0e711a7029ca4601e49f: bad XRef entry","timestamp":"2025-04-03T04:28:34.500Z"}
{"level":"error","message":"Email sending failed: No recipients defined","timestamp":"2025-04-03T04:29:51.537Z"}
{"level":"error","message":"AI Processing Error for Claim 67ee0ebcd74e71637b461a59: No recipients defined","timestamp":"2025-04-03T04:29:51.537Z"}
{"level":"error","message":"Email sending failed: No recipients defined","timestamp":"2025-04-03T04:34:33.254Z"}
{"level":"error","message":"AI Processing Error for Claim 67ee0fd211839c87472bc069: No recipients defined","timestamp":"2025-04-03T04:34:33.254Z"}
{"level":"error","message":"PDF Parsing Error: bad XRef entry","timestamp":"2025-04-03T04:35:38.769Z"}
{"level":"error","message":"PDF processing failed: bad XRef entry","timestamp":"2025-04-03T04:35:38.769Z"}
{"level":"error","message":"PDF Parsing Error: bad XRef entry","timestamp":"2025-04-03T04:36:37.037Z"}
{"level":"error","message":"PDF processing failed: bad XRef entry","timestamp":"2025-04-03T04:36:37.037Z"}
{"level":"error","message":"Document Processing Error: Failed to process PDF file","timestamp":"2025-04-03T04:36:37.037Z"}
{"level":"error","message":"Document processing failed: Failed to process PDF file","timestamp":"2025-04-03T04:36:37.037Z"}
{"level":"error","message":"Create Claim Error: E11000 duplicate key error collection: test.claims index: invoiceNumber_1 dup key: { invoiceNumber: null }","timestamp":"2025-04-03T04:38:54.868Z"}
{"level":"error","message":"PDF Parsing Error: bad XRef entry","timestamp":"2025-04-03T04:39:10.707Z"}
{"level":"error","message":"PDF processing failed: Failed to process PDF: bad XRef entry","timestamp":"2025-04-03T04:39:10.708Z"}
{"level":"error","message":"Document Processing Error: PDF processing failed: Failed to process PDF: bad XRef entry","timestamp":"2025-04-03T04:39:10.708Z"}
{"level":"error","message":"Document processing failed: PDF processing failed: Failed to process PDF: bad XRef entry","timestamp":"2025-04-03T04:39:10.708Z"}
{"level":"error","message":"Create Claim Error: E11000 duplicate key error collection: test.claims index: invoiceNumber_1 dup key: { invoiceNumber: null }","timestamp":"2025-04-03T04:40:22.660Z"}
{"level":"error","message":"PDF Parsing Error: bad XRef entry","timestamp":"2025-04-03T04:40:32.202Z"}
{"level":"error","message":"PDF processing failed: Failed to process PDF: bad XRef entry","timestamp":"2025-04-03T04:40:32.202Z"}
{"level":"error","message":"Document Processing Error: PDF processing failed: Failed to process PDF: bad XRef entry","timestamp":"2025-04-03T04:40:32.202Z"}
{"level":"error","message":"Document processing failed: PDF processing failed: Failed to process PDF: bad XRef entry","timestamp":"2025-04-03T04:40:32.202Z"}
{"level":"error","message":"PDF Parsing Error: Cannot find module './pdf.js/1.10.100/build/pdf.js'\nRequire stack:\n- /Users/amanagrawal/Developer/Projects/backend/medical-claim-backend/node_modules/pdf-parse/lib/pdf-parse.js\n- /Users/amanagrawal/Developer/Projects/backend/medical-claim-backend/node_modules/pdf-parse/index.js\n- /Users/amanagrawal/Developer/Projects/backend/medical-claim-backend/src/services/documentProcessor.js\n- /Users/amanagrawal/Developer/Projects/backend/medical-claim-backend/src/services/aiService.js\n- /Users/amanagrawal/Developer/Projects/backend/medical-claim-backend/src/controllers/claimController.js\n- /Users/amanagrawal/Developer/Projects/backend/medical-claim-backend/src/routes/claimRoutes.js\n- /Users/amanagrawal/Developer/Projects/backend/medical-claim-backend/src/app.js\n- /Users/amanagrawal/Developer/Projects/backend/medical-claim-backend/server.js","timestamp":"2025-04-03T05:37:46.701Z"}
{"level":"error","message":"PDF Recovery Error: bad XRef entry","timestamp":"2025-04-03T05:37:46.757Z"}
{"level":"error","message":"PDF processing failed: Failed to process PDF: Cannot find module './pdf.js/1.10.100/build/pdf.js'\nRequire stack:\n- /Users/amanagrawal/Developer/Projects/backend/medical-claim-backend/node_modules/pdf-parse/lib/pdf-parse.js\n- /Users/amanagrawal/Developer/Projects/backend/medical-claim-backend/node_modules/pdf-parse/index.js\n- /Users/amanagrawal/Developer/Projects/backend/medical-claim-backend/src/services/documentProcessor.js\n- /Users/amanagrawal/Developer/Projects/backend/medical-claim-backend/src/services/aiService.js\n- /Users/amanagrawal/Developer/Projects/backend/medical-claim-backend/src/controllers/claimController.js\n- /Users/amanagrawal/Developer/Projects/backend/medical-claim-backend/src/routes/claimRoutes.js\n- /Users/amanagrawal/Developer/Projects/backend/medical-claim-backend/src/app.js\n- /Users/amanagrawal/Developer/Projects/backend/medical-claim-backend/server.js","timestamp":"2025-04-03T05:37:46.757Z"}
{"level":"error","message":"Document Processing Error: PDF processing failed: Failed to process PDF: Cannot find module './pdf.js/1.10.100/build/pdf.js'\nRequire stack:\n- /Users/amanagrawal/Developer/Projects/backend/medical-claim-backend/node_modules/pdf-parse/lib/pdf-parse.js\n- /Users/amanagrawal/Developer/Projects/backend/medical-claim-backend/node_modules/pdf-parse/index.js\n- /Users/amanagrawal/Developer/Projects/backend/medical-claim-backend/src/services/documentProcessor.js\n- /Users/amanagrawal/Developer/Projects/backend/medical-claim-backend/src/services/aiService.js\n- /Users/amanagrawal/Developer/Projects/backend/medical-claim-backend/src/controllers/claimController.js\n- /Users/amanagrawal/Developer/Projects/backend/medical-claim-backend/src/routes/claimRoutes.js\n- /Users/amanagrawal/Developer/Projects/backend/medical-claim-backend/src/app.js\n- /Users/amanagrawal/Developer/Projects/backend/medical-claim-backend/server.js","timestamp":"2025-04-03T05:37:46.757Z"}
{"level":"error","message":"Document processing failed: PDF processing failed: Failed to process PDF: Cannot find module './pdf.js/1.10.100/build/pdf.js'\nRequire stack:\n- /Users/amanagrawal/Developer/Projects/backend/medical-claim-backend/node_modules/pdf-parse/lib/pdf-parse.js\n- /Users/amanagrawal/Developer/Projects/backend/medical-claim-backend/node_modules/pdf-parse/index.js\n- /Users/amanagrawal/Developer/Projects/backend/medical-claim-backend/src/services/documentProcessor.js\n- /Users/amanagrawal/Developer/Projects/backend/medical-claim-backend/src/services/aiService.js\n- /Users/amanagrawal/Developer/Projects/backend/medical-claim-backend/src/controllers/claimController.js\n- /Users/amanagrawal/Developer/Projects/backend/medical-claim-backend/src/routes/claimRoutes.js\n- /Users/amanagrawal/Developer/Projects/backend/medical-claim-backend/src/app.js\n- /Users/amanagrawal/Developer/Projects/backend/medical-claim-backend/server.js","timestamp":"2025-04-03T05:37:46.757Z"}
{"level":"error","message":"Create Claim Error: E11000 duplicate key error collection: test.claims index: invoiceNumber_1 dup key: { invoiceNumber: null }","timestamp":"2025-04-03T05:39:35.494Z"}
{"level":"error","message":"PDF Parsing Error: Cannot find module './pdf.js/2.16.105/build/pdf.js'\nRequire stack:\n- /Users/amanagrawal/Developer/Projects/backend/medical-claim-backend/node_modules/pdf-parse/lib/pdf-parse.js\n- /Users/amanagrawal/Developer/Projects/backend/medical-claim-backend/node_modules/pdf-parse/index.js\n- /Users/amanagrawal/Developer/Projects/backend/medical-claim-backend/src/services/documentProcessor.js\n- /Users/amanagrawal/Developer/Projects/backend/medical-claim-backend/src/services/aiService.js\n- /Users/amanagrawal/Developer/Projects/backend/medical-claim-backend/src/controllers/claimController.js\n- /Users/amanagrawal/Developer/Projects/backend/medical-claim-backend/src/routes/claimRoutes.js\n- /Users/amanagrawal/Developer/Projects/backend/medical-claim-backend/src/app.js\n- /Users/amanagrawal/Developer/Projects/backend/medical-claim-backend/server.js","timestamp":"2025-04-03T05:39:51.468Z"}
{"level":"error","message":"PDF Recovery Error: bad XRef entry","timestamp":"2025-04-03T05:39:51.533Z"}
{"level":"error","message":"PDF processing failed: Failed to process PDF: Cannot find module './pdf.js/2.16.105/build/pdf.js'\nRequire stack:\n- /Users/amanagrawal/Developer/Projects/backend/medical-claim-backend/node_modules/pdf-parse/lib/pdf-parse.js\n- /Users/amanagrawal/Developer/Projects/backend/medical-claim-backend/node_modules/pdf-parse/index.js\n- /Users/amanagrawal/Developer/Projects/backend/medical-claim-backend/src/services/documentProcessor.js\n- /Users/amanagrawal/Developer/Projects/backend/medical-claim-backend/src/services/aiService.js\n- /Users/amanagrawal/Developer/Projects/backend/medical-claim-backend/src/controllers/claimController.js\n- /Users/amanagrawal/Developer/Projects/backend/medical-claim-backend/src/routes/claimRoutes.js\n- /Users/amanagrawal/Developer/Projects/backend/medical-claim-backend/src/app.js\n- /Users/amanagrawal/Developer/Projects/backend/medical-claim-backend/server.js","timestamp":"2025-04-03T05:39:51.533Z"}
{"level":"error","message":"Document Processing Error: PDF processing failed: Failed to process PDF: Cannot find module './pdf.js/2.16.105/build/pdf.js'\nRequire stack:\n- /Users/amanagrawal/Developer/Projects/backend/medical-claim-backend/node_modules/pdf-parse/lib/pdf-parse.js\n- /Users/amanagrawal/Developer/Projects/backend/medical-claim-backend/node_modules/pdf-parse/index.js\n- /Users/amanagrawal/Developer/Projects/backend/medical-claim-backend/src/services/documentProcessor.js\n- /Users/amanagrawal/Developer/Projects/backend/medical-claim-backend/src/services/aiService.js\n- /Users/amanagrawal/Developer/Projects/backend/medical-claim-backend/src/controllers/claimController.js\n- /Users/amanagrawal/Developer/Projects/backend/medical-claim-backend/src/routes/claimRoutes.js\n- /Users/amanagrawal/Developer/Projects/backend/medical-claim-backend/src/app.js\n- /Users/amanagrawal/Developer/Projects/backend/medical-claim-backend/server.js","timestamp":"2025-04-03T05:39:51.533Z"}
{"level":"error","message":"Document processing failed: PDF processing failed: Failed to process PDF: Cannot find module './pdf.js/2.16.105/build/pdf.js'\nRequire stack:\n- /Users/amanagrawal/Developer/Projects/backend/medical-claim-backend/node_modules/pdf-parse/lib/pdf-parse.js\n- /Users/amanagrawal/Developer/Projects/backend/medical-claim-backend/node_modules/pdf-parse/index.js\n- /Users/amanagrawal/Developer/Projects/backend/medical-claim-backend/src/services/documentProcessor.js\n- /Users/amanagrawal/Developer/Projects/backend/medical-claim-backend/src/services/aiService.js\n- /Users/amanagrawal/Developer/Projects/backend/medical-claim-backend/src/controllers/claimController.js\n- /Users/amanagrawal/Developer/Projects/backend/medical-claim-backend/src/routes/claimRoutes.js\n- /Users/amanagrawal/Developer/Projects/backend/medical-claim-backend/src/app.js\n- /Users/amanagrawal/Developer/Projects/backend/medical-claim-backend/server.js","timestamp":"2025-04-03T05:39:51.533Z"}
{"level":"error","message":"PDF Parsing Error: bad XRef entry","timestamp":"2025-04-03T05:41:01.826Z"}
{"level":"error","message":"PDF Parsing Error: bad XRef entry","timestamp":"2025-04-03T06:27:14.972Z"}
{"level":"error","message":"PDF processing failed: Failed to process PDF: bad XRef entry","timestamp":"2025-04-03T06:27:14.972Z"}
{"level":"error","message":"Document Processing Error: PDF processing failed: Failed to process PDF: bad XRef entry","timestamp":"2025-04-03T06:27:14.972Z"}
{"level":"error","message":"Document processing failed: PDF processing failed: Failed to process PDF: bad XRef entry","timestamp":"2025-04-03T06:27:14.972Z"}
{"level":"error","message":"PDF Parsing Error: bad XRef entry","timestamp":"2025-04-03T06:27:42.878Z"}
{"level":"error","message":"PDF processing failed: Failed to process PDF: bad XRef entry","timestamp":"2025-04-03T06:27:42.878Z"}
{"level":"error","message":"Document Processing Error: PDF processing failed: Failed to process PDF: bad XRef entry","timestamp":"2025-04-03T06:27:42.878Z"}
{"level":"error","message":"Document processing failed: PDF processing failed: Failed to process PDF: bad XRef entry","timestamp":"2025-04-03T06:27:42.878Z"}
{"level":"error","message":"PDF Parsing Error: page.getTextContent is not a function","timestamp":"2025-04-03T06:28:59.238Z"}
{"code":"ERR_INVALID_ARG_VALUE","level":"error","message":"Error processing PDF: The argument 'path' must be a string, Uint8Array, or URL without null bytes. Received <Buffer 25 50 44 46 2d 31 2e 33 0a 33 20 30 20 6f 62 6a 0a 3c 3c 2f 54 79 70 65 20 2f 50 61 67 65 0a 2f 50 61 72 65 6e 74 20 31 ...","stack":"TypeError [ERR_INVALID_ARG_VALUE]: The argument 'path' must be a string, Uint8Array, or URL without null bytes. Received <Buffer 25 50 44 46 2d 31 2e 33 0a 33 20 30 20 6f 62 6a 0a 3c 3c 2f 54 79 70 65 20 2f 50 61 67 65 0a 2f 50 61 72 65 6e 74 20 31 ...\n    at new ReadStream (node:internal/fs/streams:185:5)\n    at Object.createReadStream (node:fs:3160:10)\n    at DocumentProcessor.extractTextFromPDF (/Users/amanagrawal/Developer/Projects/backend/medical-claim-backend/src/services/documentProcessor.js:88:40)\n    at DocumentProcessor.processDocument (/Users/amanagrawal/Developer/Projects/backend/medical-claim-backend/src/services/documentProcessor.js:265:39)\n    at AIService.processDocument (/Users/amanagrawal/Developer/Projects/backend/medical-claim-backend/src/services/aiService.js:41:52)\n    at async processClaimWithAI (/Users/amanagrawal/Developer/Projects/backend/medical-claim-backend/src/controllers/claimController.js:261:24)","timestamp":"2025-04-03T09:27:09.061Z"}
{"level":"error","message":"Error processing document: The argument 'path' must be a string, Uint8Array, or URL without null bytes. Received <Buffer 25 50 44 46 2d 31 2e 33 0a 33 20 30 20 6f 62 6a 0a 3c 3c 2f 54 79 70 65 20 2f 50 61 67 65 0a 2f 50 61 72 65 6e 74 20 31 ...","timestamp":"2025-04-03T09:34:13.899Z"}
{"level":"error","message":"Document Processing Error: The argument 'path' must be a string, Uint8Array, or URL without null bytes. Received <Buffer 25 50 44 46 2d 31 2e 33 0a 33 20 30 20 6f 62 6a 0a 3c 3c 2f 54 79 70 65 20 2f 50 61 67 65 0a 2f 50 61 72 65 6e 74 20 31 ...","timestamp":"2025-04-03T09:34:13.900Z"}
{"level":"error","message":"Error processing document: The argument 'path' must be a string, Uint8Array, or URL without null bytes. Received <Buffer 25 50 44 46 2d 31 2e 33 0a 33 20 30 20 6f 62 6a 0a 3c 3c 2f 54 79 70 65 20 2f 50 61 67 65 0a 2f 50 61 72 65 6e 74 20 31 ...","timestamp":"2025-04-03T09:35:27.542Z"}
{"level":"error","message":"Document Processing Error: The argument 'path' must be a string, Uint8Array, or URL without null bytes. Received <Buffer 25 50 44 46 2d 31 2e 33 0a 33 20 30 20 6f 62 6a 0a 3c 3c 2f 54 79 70 65 20 2f 50 61 67 65 0a 2f 50 61 72 65 6e 74 20 31 ...","timestamp":"2025-04-03T09:35:27.542Z"}
{"level":"error","message":"Error reading file: ENOENT: no such file or directory, open '/Users/amanagrawal/Developer/Projects/backend/medical-claim-backend/uploads/claims/67eda035def5d4a3410f2841/1743633692917-0n4zzp.pdf'","timestamp":"2025-04-03T09:41:19.223Z"}
{"level":"error","message":"Document Processing Error: ENOENT: no such file or directory, open '/Users/amanagrawal/Developer/Projects/backend/medical-claim-backend/uploads/claims/67eda035def5d4a3410f2841/1743633692917-0n4zzp.pdf'","timestamp":"2025-04-03T09:41:19.224Z"}
{"level":"error","message":"Create Claim Error: E11000 duplicate key error collection: test.claims index: invoiceNumber_1 dup key: { invoiceNumber: null }","timestamp":"2025-04-03T09:42:10.182Z"}
{"level":"error","message":"Create Claim Error: E11000 duplicate key error collection: test.claims index: invoiceNumber_1 dup key: { invoiceNumber: null }","timestamp":"2025-04-03T09:42:23.999Z"}
{"level":"error","message":"Error processing document: Only PDF files are supported","timestamp":"2025-04-03T09:42:42.498Z"}
{"level":"error","message":"Document Processing Error: Only PDF files are supported","timestamp":"2025-04-03T09:42:42.498Z"}
{"level":"error","message":"Error processing document: Only PDF files are supported","timestamp":"2025-04-03T09:44:16.980Z"}
{"level":"error","message":"Document Processing Error: Only PDF files are supported","timestamp":"2025-04-03T09:44:16.980Z"}
{"level":"error","message":"Document processing failed: undefined","timestamp":"2025-04-03T09:46:21.039Z"}
{"level":"error","message":"Document processing failed: undefined","timestamp":"2025-04-03T09:47:34.985Z"}
{"level":"error","message":"Document processing failed: undefined","timestamp":"2025-04-03T09:48:42.125Z"}
{"level":"error","message":"Document processing failed: undefined","timestamp":"2025-04-03T09:49:14.108Z"}
{"level":"error","message":"Document processing failed: undefined","timestamp":"2025-04-03T09:53:13.104Z"}
{"level":"error","message":"Document processing failed: undefined","timestamp":"2025-04-03T09:55:10.041Z"}
{"level":"error","message":"Document processing failed: undefined","timestamp":"2025-04-03T09:59:06.453Z"}
{"level":"error","message":"AI Validation Error: documentProcessor.validateExtractedData is not a function","timestamp":"2025-04-03T10:03:02.969Z"}
{"level":"error","message":"Data validation failed: documentProcessor.validateExtractedData is not a function","timestamp":"2025-04-03T10:03:02.969Z"}
{"level":"error","message":"Processing complete email failed: Cannot read properties of undefined (reading 'patientName')","timestamp":"2025-04-03T10:21:08.025Z"}
{"level":"error","message":"Processing complete email failed: Cannot read properties of undefined (reading 'patientName')","timestamp":"2025-04-03T10:22:07.001Z"}
{"level":"error","message":"Processing complete email failed: Cannot read properties of undefined (reading 'patientName')","timestamp":"2025-04-03T10:23:04.436Z"}
{"level":"error","message":"Processing complete email failed: Cannot read properties of undefined (reading 'patientName')","timestamp":"2025-04-03T10:24:32.614Z"}
{"level":"error","message":"Processing complete email failed: Cannot read properties of undefined (reading 'patientName')","timestamp":"2025-04-03T10:25:25.177Z"}
{"level":"error","message":"Error sending processing complete email: connect ECONNREFUSED 127.0.0.1:587","timestamp":"2025-04-03T10:26:26.405Z"}
{"level":"error","message":"Error sending processing complete email: Missing credentials for \"PLAIN\"","timestamp":"2025-04-03T10:27:47.851Z"}
